<?xml version="1.0" encoding="UTF-8"?>
<!-- Generated by org.testng.reporters.JUnitXMLReporter -->
<testsuite ignored="0" hostname="LT0184680" failures="0" tests="5" name="Default test" time="68.504" errors="0" timestamp="2024-08-26T17:49:22 IST">
  <testcase classname="testCases.TC_003_LoginDDT" name="verify_Loginddt" time="3.452"/>
  <testcase classname="testCases.TC_003_LoginDDT" name="verify_Loginddt" time="11.338"/>
  <testcase classname="testCases.TC_003_LoginDDT" name="verify_Loginddt" time="11.993"/>
  <testcase classname="testCases.TC_003_LoginDDT" name="verify_Loginddt" time="12.134"/>
  <testcase classname="testCases.TC_003_LoginDDT" name="verify_Loginddt" time="11.708"/>
</testsuite> <!-- Default test -->
