<?xml version="1.0" encoding="UTF-8"?>
<!-- Generated by org.testng.reporters.JUnitXMLReporter -->
<testsuite ignored="0" hostname="LT0184680" failures="1" tests="1" name="LoginTest" time="20.3" errors="0" timestamp="2024-08-23T18:06:54 IST">
  <testcase classname="testCases.TC_002_LoginTest" name="LoginTest" time="1.966">
    <failure type="java.lang.AssertionError" message="expected [true] but found [false]">
      <![CDATA[java.lang.AssertionError: expected [true] but found [false]
at testCases.TC_002_LoginTest.LoginTest(TC_002_LoginTest.java:41)
at java.base/java.util.ArrayList.forEach(ArrayList.java:1511)
... Removed 29 stack frames]]>
    </failure>
  </testcase> <!-- LoginTest -->
</testsuite> <!-- LoginTest -->
