<?xml version="1.0" encoding="UTF-8"?>
<!-- Generated by org.testng.reporters.JUnitXMLReporter -->
<testsuite ignored="0" hostname="LT0184680" failures="0" tests="7" name="Test" time="94.602" errors="0" timestamp="2024-09-12T18:14:17 IST">
  <testcase classname="testCases.TC_001_AccountRegisteration" name="Registerationtest" time="1.961"/>
  <testcase classname="testCases.TC_002_LoginTest" name="LoginTest" time="2.303"/>
  <testcase classname="testCases.TC_003_LoginDDT" name="verify_Loginddt" time="2.84"/>
  <testcase classname="testCases.TC_003_LoginDDT" name="verify_Loginddt" time="11.301"/>
  <testcase classname="testCases.TC_003_LoginDDT" name="verify_Loginddt" time="11.47"/>
  <testcase classname="testCases.TC_003_LoginDDT" name="verify_Loginddt" time="11.051"/>
  <testcase classname="testCases.TC_003_LoginDDT" name="verify_Loginddt" time="11.05"/>
</testsuite> <!-- Test -->
