<?xml version="1.0" encoding="UTF-8"?>
<testng-results ignored="0" total="2" passed="2" failed="0" skipped="0">
  <reporter-output>
  </reporter-output>
  <suite started-at="2024-09-24T04:56:39 IST" name="MasterSuite" finished-at="2024-09-24T04:57:13 IST" duration-ms="34067">
    <groups>
      <group name="Master">
        <method signature="TC_001_AccountRegisteration.Registerationtest()[pri:0, instance:testCases.TC_001_AccountRegisteration@3d97a632]" name="Registerationtest" class="testCases.TC_001_AccountRegisteration"/>
        <method signature="TC_002_LoginTest.LoginTest()[pri:0, instance:testCases.TC_002_LoginTest@7e7b159b]" name="LoginTest" class="testCases.TC_002_LoginTest"/>
      </group> <!-- Master -->
      <group name="Sanity">
        <method signature="TC_001_AccountRegisteration.Registerationtest()[pri:0, instance:testCases.TC_001_AccountRegisteration@3d97a632]" name="Registerationtest" class="testCases.TC_001_AccountRegisteration"/>
      </group> <!-- Sanity -->
      <group name="Regression">
        <method signature="TC_002_LoginTest.LoginTest()[pri:0, instance:testCases.TC_002_LoginTest@7e7b159b]" name="LoginTest" class="testCases.TC_002_LoginTest"/>
      </group> <!-- Regression -->
    </groups>
    <test started-at="2024-09-24T04:56:39 IST" name="Test" finished-at="2024-09-24T04:57:13 IST" duration-ms="34067">
      <class name="testCases.TC_002_LoginTest">
        <test-method is-config="true" signature="setup(java.lang.String,java.lang.String)[pri:0, instance:testCases.TC_002_LoginTest@7e7b159b]" started-at="2024-09-24T04:56:59 IST" name="setup" finished-at="2024-09-24T04:57:04 IST" duration-ms="5597" status="PASS">
          <params>
            <param index="0">
              <value>
                <![CDATA[Windows]]>
              </value>
            </param>
            <param index="1">
              <value>
                <![CDATA[chrome]]>
              </value>
            </param>
          </params>
          <reporter-output>
          </reporter-output>
        </test-method> <!-- setup -->
        <test-method signature="LoginTest()[pri:0, instance:testCases.TC_002_LoginTest@7e7b159b]" started-at="2024-09-24T04:57:04 IST" name="LoginTest" finished-at="2024-09-24T04:57:07 IST" duration-ms="2417" status="PASS">
          <reporter-output>
          </reporter-output>
        </test-method> <!-- LoginTest -->
        <test-method is-config="true" signature="teardown()[pri:0, instance:testCases.TC_002_LoginTest@7e7b159b]" started-at="2024-09-24T04:57:07 IST" name="teardown" finished-at="2024-09-24T04:57:13 IST" duration-ms="6291" status="PASS">
          <reporter-output>
          </reporter-output>
        </test-method> <!-- teardown -->
      </class> <!-- testCases.TC_002_LoginTest -->
      <class name="testCases.TC_001_AccountRegisteration">
        <test-method is-config="true" signature="setup(java.lang.String,java.lang.String)[pri:0, instance:testCases.TC_001_AccountRegisteration@3d97a632]" started-at="2024-09-24T04:56:39 IST" name="setup" finished-at="2024-09-24T04:56:50 IST" duration-ms="10728" status="PASS">
          <params>
            <param index="0">
              <value>
                <![CDATA[Windows]]>
              </value>
            </param>
            <param index="1">
              <value>
                <![CDATA[chrome]]>
              </value>
            </param>
          </params>
          <reporter-output>
          </reporter-output>
        </test-method> <!-- setup -->
        <test-method signature="Registerationtest()[pri:0, instance:testCases.TC_001_AccountRegisteration@3d97a632]" started-at="2024-09-24T04:56:50 IST" name="Registerationtest" finished-at="2024-09-24T04:56:52 IST" duration-ms="2230" status="PASS">
          <reporter-output>
          </reporter-output>
        </test-method> <!-- Registerationtest -->
        <test-method is-config="true" signature="teardown()[pri:0, instance:testCases.TC_001_AccountRegisteration@3d97a632]" started-at="2024-09-24T04:56:52 IST" name="teardown" finished-at="2024-09-24T04:56:59 IST" duration-ms="6484" status="PASS">
          <reporter-output>
          </reporter-output>
        </test-method> <!-- teardown -->
      </class> <!-- testCases.TC_001_AccountRegisteration -->
    </test> <!-- Test -->
  </suite> <!-- MasterSuite -->
</testng-results>
