<?xml version="1.0" encoding="UTF-8"?>
<testng-results ignored="0" total="2" passed="2" failed="0" skipped="0">
  <reporter-output>
  </reporter-output>
  <suite started-at="2024-09-16T19:09:07 IST" name="MasterSuite" finished-at="2024-09-16T19:09:57 IST" duration-ms="49900">
    <groups>
      <group name="Master">
        <method signature="TC_001_AccountRegisteration.Registerationtest()[pri:0, instance:testCases.TC_001_AccountRegisteration@246f8b8b]" name="Registerationtest" class="testCases.TC_001_AccountRegisteration"/>
        <method signature="TC_002_LoginTest.LoginTest()[pri:0, instance:testCases.TC_002_LoginTest@3381b4fc]" name="LoginTest" class="testCases.TC_002_LoginTest"/>
      </group> <!-- Master -->
      <group name="Sanity">
        <method signature="TC_001_AccountRegisteration.Registerationtest()[pri:0, instance:testCases.TC_001_AccountRegisteration@246f8b8b]" name="Registerationtest" class="testCases.TC_001_AccountRegisteration"/>
      </group> <!-- Sanity -->
      <group name="Regression">
        <method signature="TC_002_LoginTest.LoginTest()[pri:0, instance:testCases.TC_002_LoginTest@3381b4fc]" name="LoginTest" class="testCases.TC_002_LoginTest"/>
      </group> <!-- Regression -->
    </groups>
    <test started-at="2024-09-16T19:09:07 IST" name="Test" finished-at="2024-09-16T19:09:57 IST" duration-ms="49900">
      <class name="testCases.TC_002_LoginTest">
        <test-method is-config="true" signature="setup(java.lang.String,java.lang.String)[pri:0, instance:testCases.TC_002_LoginTest@3381b4fc]" started-at="2024-09-16T19:09:37 IST" name="setup" finished-at="2024-09-16T19:09:47 IST" duration-ms="9669" status="PASS">
          <params>
            <param index="0">
              <value>
                <![CDATA[Windows]]>
              </value>
            </param>
            <param index="1">
              <value>
                <![CDATA[chrome]]>
              </value>
            </param>
          </params>
          <reporter-output>
          </reporter-output>
        </test-method> <!-- setup -->
        <test-method signature="LoginTest()[pri:0, instance:testCases.TC_002_LoginTest@3381b4fc]" started-at="2024-09-16T19:09:47 IST" name="LoginTest" finished-at="2024-09-16T19:09:50 IST" duration-ms="3163" status="PASS">
          <reporter-output>
          </reporter-output>
        </test-method> <!-- LoginTest -->
        <test-method is-config="true" signature="teardown()[pri:0, instance:testCases.TC_002_LoginTest@3381b4fc]" started-at="2024-09-16T19:09:50 IST" name="teardown" finished-at="2024-09-16T19:09:57 IST" duration-ms="6931" status="PASS">
          <reporter-output>
          </reporter-output>
        </test-method> <!-- teardown -->
      </class> <!-- testCases.TC_002_LoginTest -->
      <class name="testCases.TC_001_AccountRegisteration">
        <test-method is-config="true" signature="setup(java.lang.String,java.lang.String)[pri:0, instance:testCases.TC_001_AccountRegisteration@246f8b8b]" started-at="2024-09-16T19:09:07 IST" name="setup" finished-at="2024-09-16T19:09:27 IST" duration-ms="19574" status="PASS">
          <params>
            <param index="0">
              <value>
                <![CDATA[Windows]]>
              </value>
            </param>
            <param index="1">
              <value>
                <![CDATA[chrome]]>
              </value>
            </param>
          </params>
          <reporter-output>
          </reporter-output>
        </test-method> <!-- setup -->
        <test-method signature="Registerationtest()[pri:0, instance:testCases.TC_001_AccountRegisteration@246f8b8b]" started-at="2024-09-16T19:09:27 IST" name="Registerationtest" finished-at="2024-09-16T19:09:30 IST" duration-ms="3371" status="PASS">
          <reporter-output>
          </reporter-output>
        </test-method> <!-- Registerationtest -->
        <test-method is-config="true" signature="teardown()[pri:0, instance:testCases.TC_001_AccountRegisteration@246f8b8b]" started-at="2024-09-16T19:09:30 IST" name="teardown" finished-at="2024-09-16T19:09:37 IST" duration-ms="6834" status="PASS">
          <reporter-output>
          </reporter-output>
        </test-method> <!-- teardown -->
      </class> <!-- testCases.TC_001_AccountRegisteration -->
    </test> <!-- Test -->
  </suite> <!-- MasterSuite -->
</testng-results>
