<?xml version="1.0" encoding="UTF-8"?>
<!-- Generated by org.testng.reporters.JUnitXMLReporter -->
<testsuite ignored="0" hostname="LT0184680" failures="1" tests="1" name="LoginTest" time="15.975" errors="0" timestamp="2024-08-22T18:38:25 IST">
  <testcase classname="testCases.TC_003_LoginDDT" name="LoginDDT" time="0.0">
    <failure type="org.testng.TestNGException" message="
Couldn&amp;apos;t find a constructor in class utilities.DataProviders">
      <![CDATA[org.testng.TestNGException: 
Couldn't find a constructor in class utilities.DataProviders
at java.base/java.util.ArrayList.forEach(ArrayList.java:1511)
... Removed 30 stack frames]]>
    </failure>
  </testcase> <!-- LoginDDT -->
</testsuite> <!-- LoginTest -->
